2021-08-18 19:05:22.776  INFO 11120 --- [restartedMain] com.tzeao.blog.BlogApplication           : Starting BlogApplication using Java 1.8.0_281 on Tzeao with PID 11120 (E:\编程\code\blog\target\classes started by 童泽沼 in E:\编程\code\blog)
2021-08-18 19:05:22.779 DEBUG 11120 --- [restartedMain] com.tzeao.blog.BlogApplication           : Running with Spring Boot v2.5.3, Spring v5.3.9
2021-08-18 19:05:22.779  INFO 11120 --- [restartedMain] com.tzeao.blog.BlogApplication           : No active profile set, falling back to default profiles: default
2021-08-18 19:05:22.829  INFO 11120 --- [restartedMain] .e.DevToolsPropertyDefaultsPostProcessor : Devtools property defaults active! Set 'spring.devtools.add-properties' to 'false' to disable
2021-08-18 19:05:22.830  INFO 11120 --- [restartedMain] .e.DevToolsPropertyDefaultsPostProcessor : For additional web related logging consider setting the 'logging.level.web' property to 'DEBUG'
2021-08-18 19:05:23.433  INFO 11120 --- [restartedMain] .s.d.r.c.RepositoryConfigurationDelegate : Bootstrapping Spring Data JPA repositories in DEFAULT mode.
2021-08-18 19:05:23.447  INFO 11120 --- [restartedMain] .s.d.r.c.RepositoryConfigurationDelegate : Finished Spring Data repository scanning in 5 ms. Found 0 JPA repository interfaces.
2021-08-18 19:05:24.028  INFO 11120 --- [restartedMain] o.s.b.w.embedded.tomcat.TomcatWebServer  : Tomcat initialized with port(s): 8080 (http)
2021-08-18 19:05:24.036  INFO 11120 --- [restartedMain] o.apache.catalina.core.StandardService   : Starting service [Tomcat]
2021-08-18 19:05:24.036  INFO 11120 --- [restartedMain] org.apache.catalina.core.StandardEngine  : Starting Servlet engine: [Apache Tomcat/9.0.50]
2021-08-18 19:05:24.122  INFO 11120 --- [restartedMain] o.a.c.c.C.[Tomcat].[localhost].[/]       : Initializing Spring embedded WebApplicationContext
2021-08-18 19:05:24.122  INFO 11120 --- [restartedMain] w.s.c.ServletWebServerApplicationContext : Root WebApplicationContext: initialization completed in 1292 ms
2021-08-18 19:05:24.276  INFO 11120 --- [restartedMain] o.hibernate.jpa.internal.util.LogHelper  : HHH000204: Processing PersistenceUnitInfo [name: default]
2021-08-18 19:05:24.331  INFO 11120 --- [restartedMain] org.hibernate.Version                    : HHH000412: Hibernate ORM core version 5.4.32.Final
2021-08-18 19:05:24.471  INFO 11120 --- [restartedMain] o.hibernate.annotations.common.Version   : HCANN000001: Hibernate Commons Annotations {5.1.2.Final}
2021-08-18 19:05:24.626  INFO 11120 --- [restartedMain] com.zaxxer.hikari.HikariDataSource       : HikariPool-1 - Starting...
2021-08-18 19:05:24.784  INFO 11120 --- [restartedMain] com.zaxxer.hikari.HikariDataSource       : HikariPool-1 - Start completed.
2021-08-18 19:05:24.803  INFO 11120 --- [restartedMain] org.hibernate.dialect.Dialect            : HHH000400: Using dialect: org.hibernate.dialect.MySQL8Dialect
2021-08-18 19:05:25.007  INFO 11120 --- [restartedMain] o.h.e.t.j.p.i.JtaPlatformInitiator       : HHH000490: Using JtaPlatform implementation: [org.hibernate.engine.transaction.jta.platform.internal.NoJtaPlatform]
2021-08-18 19:05:25.017  INFO 11120 --- [restartedMain] j.LocalContainerEntityManagerFactoryBean : Initialized JPA EntityManagerFactory for persistence unit 'default'
2021-08-18 19:05:25.059  WARN 11120 --- [restartedMain] JpaBaseConfiguration$JpaWebConfiguration : spring.jpa.open-in-view is enabled by default. Therefore, database queries may be performed during view rendering. Explicitly configure spring.jpa.open-in-view to disable this warning
2021-08-18 19:05:25.297  WARN 11120 --- [restartedMain] ion$DefaultTemplateResolverConfiguration : Cannot find template location: classpath:/templates/ (please add some templates or check your Thymeleaf configuration)
2021-08-18 19:05:25.376  INFO 11120 --- [restartedMain] o.s.b.d.a.OptionalLiveReloadServer       : LiveReload server is running on port 35729
2021-08-18 19:05:25.407  INFO 11120 --- [restartedMain] o.s.b.w.embedded.tomcat.TomcatWebServer  : Tomcat started on port(s): 8080 (http) with context path ''
2021-08-18 19:05:25.418  INFO 11120 --- [restartedMain] com.tzeao.blog.BlogApplication           : Started BlogApplication in 3.444 seconds (JVM running for 4.841)
