2021-08-18 19:43:46.717  INFO 21736 --- [  restartedMain] com.tzeao.blog.BlogApplication           : Starting BlogApplication using Java 1.8.0_281 on Tzeao with PID 21736 (E:\编程\code\blog\target\classes started by 童泽沼 in E:\编程\code\blog)
2021-08-18 19:43:46.719 DEBUG 21736 --- [  restartedMain] com.tzeao.blog.BlogApplication           : Running with Spring Boot v2.5.3, Spring v5.3.9
2021-08-18 19:43:46.719  INFO 21736 --- [  restartedMain] com.tzeao.blog.BlogApplication           : The following profiles are active: dev
2021-08-18 19:43:46.755  INFO 21736 --- [  restartedMain] .e.DevToolsPropertyDefaultsPostProcessor : Devtools property defaults active! Set 'spring.devtools.add-properties' to 'false' to disable
2021-08-18 19:43:46.756  INFO 21736 --- [  restartedMain] .e.DevToolsPropertyDefaultsPostProcessor : For additional web related logging consider setting the 'logging.level.web' property to 'DEBUG'
2021-08-18 19:43:47.291  INFO 21736 --- [  restartedMain] .s.d.r.c.RepositoryConfigurationDelegate : Bootstrapping Spring Data JPA repositories in DEFAULT mode.
2021-08-18 19:43:47.301  INFO 21736 --- [  restartedMain] .s.d.r.c.RepositoryConfigurationDelegate : Finished Spring Data repository scanning in 4 ms. Found 0 JPA repository interfaces.
2021-08-18 19:43:47.766  INFO 21736 --- [  restartedMain] o.s.b.w.embedded.tomcat.TomcatWebServer  : Tomcat initialized with port(s): 8080 (http)
2021-08-18 19:43:47.773  INFO 21736 --- [  restartedMain] o.a.coyote.http11.Http11NioProtocol      : Initializing ProtocolHandler ["http-nio-8080"]
2021-08-18 19:43:47.774  INFO 21736 --- [  restartedMain] o.apache.catalina.core.StandardService   : Starting service [Tomcat]
2021-08-18 19:43:47.774  INFO 21736 --- [  restartedMain] org.apache.catalina.core.StandardEngine  : Starting Servlet engine: [Apache Tomcat/9.0.50]
2021-08-18 19:43:47.859  INFO 21736 --- [  restartedMain] o.a.c.c.C.[Tomcat].[localhost].[/]       : Initializing Spring embedded WebApplicationContext
2021-08-18 19:43:47.859  INFO 21736 --- [  restartedMain] w.s.c.ServletWebServerApplicationContext : Root WebApplicationContext: initialization completed in 1102 ms
2021-08-18 19:43:48.001  INFO 21736 --- [  restartedMain] o.hibernate.jpa.internal.util.LogHelper  : HHH000204: Processing PersistenceUnitInfo [name: default]
2021-08-18 19:43:48.034  INFO 21736 --- [  restartedMain] org.hibernate.Version                    : HHH000412: Hibernate ORM core version 5.4.32.Final
2021-08-18 19:43:48.158  INFO 21736 --- [  restartedMain] o.hibernate.annotations.common.Version   : HCANN000001: Hibernate Commons Annotations {5.1.2.Final}
2021-08-18 19:43:48.225  INFO 21736 --- [  restartedMain] com.zaxxer.hikari.HikariDataSource       : HikariPool-1 - Starting...
2021-08-18 19:43:48.338  INFO 21736 --- [  restartedMain] com.zaxxer.hikari.HikariDataSource       : HikariPool-1 - Start completed.
2021-08-18 19:43:48.352  INFO 21736 --- [  restartedMain] org.hibernate.dialect.Dialect            : HHH000400: Using dialect: org.hibernate.dialect.MySQL8Dialect
2021-08-18 19:43:48.527  INFO 21736 --- [  restartedMain] o.h.e.t.j.p.i.JtaPlatformInitiator       : HHH000490: Using JtaPlatform implementation: [org.hibernate.engine.transaction.jta.platform.internal.NoJtaPlatform]
2021-08-18 19:43:48.536  INFO 21736 --- [  restartedMain] j.LocalContainerEntityManagerFactoryBean : Initialized JPA EntityManagerFactory for persistence unit 'default'
2021-08-18 19:43:48.583  WARN 21736 --- [  restartedMain] JpaBaseConfiguration$JpaWebConfiguration : spring.jpa.open-in-view is enabled by default. Therefore, database queries may be performed during view rendering. Explicitly configure spring.jpa.open-in-view to disable this warning
2021-08-18 19:43:48.804  WARN 21736 --- [  restartedMain] ion$DefaultTemplateResolverConfiguration : Cannot find template location: classpath:/templates/ (please add some templates or check your Thymeleaf configuration)
2021-08-18 19:43:48.874  INFO 21736 --- [  restartedMain] o.s.b.d.a.OptionalLiveReloadServer       : LiveReload server is running on port 35729
2021-08-18 19:43:48.891  INFO 21736 --- [  restartedMain] o.a.coyote.http11.Http11NioProtocol      : Starting ProtocolHandler ["http-nio-8080"]
2021-08-18 19:43:48.903  INFO 21736 --- [  restartedMain] o.s.b.w.embedded.tomcat.TomcatWebServer  : Tomcat started on port(s): 8080 (http) with context path ''
2021-08-18 19:43:48.912  INFO 21736 --- [  restartedMain] com.tzeao.blog.BlogApplication           : Started BlogApplication in 2.606 seconds (JVM running for 3.498)
2021-08-18 19:47:26.801  INFO 17424 --- [  restartedMain] com.tzeao.blog.BlogApplication           : Starting BlogApplication using Java 1.8.0_281 on Tzeao with PID 17424 (E:\编程\code\blog\target\classes started by 童泽沼 in E:\编程\code\blog)
2021-08-18 19:47:26.803 DEBUG 17424 --- [  restartedMain] com.tzeao.blog.BlogApplication           : Running with Spring Boot v2.5.3, Spring v5.3.9
2021-08-18 19:47:26.804  INFO 17424 --- [  restartedMain] com.tzeao.blog.BlogApplication           : The following profiles are active: dev
2021-08-18 19:47:26.848  INFO 17424 --- [  restartedMain] .e.DevToolsPropertyDefaultsPostProcessor : Devtools property defaults active! Set 'spring.devtools.add-properties' to 'false' to disable
2021-08-18 19:47:26.848  INFO 17424 --- [  restartedMain] .e.DevToolsPropertyDefaultsPostProcessor : For additional web related logging consider setting the 'logging.level.web' property to 'DEBUG'
2021-08-18 19:47:27.332  INFO 17424 --- [  restartedMain] .s.d.r.c.RepositoryConfigurationDelegate : Bootstrapping Spring Data JPA repositories in DEFAULT mode.
2021-08-18 19:47:27.343  INFO 17424 --- [  restartedMain] .s.d.r.c.RepositoryConfigurationDelegate : Finished Spring Data repository scanning in 4 ms. Found 0 JPA repository interfaces.
2021-08-18 19:47:27.815  INFO 17424 --- [  restartedMain] o.s.b.w.embedded.tomcat.TomcatWebServer  : Tomcat initialized with port(s): 8080 (http)
2021-08-18 19:47:27.821  INFO 17424 --- [  restartedMain] o.a.coyote.http11.Http11NioProtocol      : Initializing ProtocolHandler ["http-nio-8080"]
2021-08-18 19:47:27.822  INFO 17424 --- [  restartedMain] o.apache.catalina.core.StandardService   : Starting service [Tomcat]
2021-08-18 19:47:27.822  INFO 17424 --- [  restartedMain] org.apache.catalina.core.StandardEngine  : Starting Servlet engine: [Apache Tomcat/9.0.50]
2021-08-18 19:47:27.907  INFO 17424 --- [  restartedMain] o.a.c.c.C.[Tomcat].[localhost].[/]       : Initializing Spring embedded WebApplicationContext
2021-08-18 19:47:27.907  INFO 17424 --- [  restartedMain] w.s.c.ServletWebServerApplicationContext : Root WebApplicationContext: initialization completed in 1058 ms
2021-08-18 19:47:28.038  INFO 17424 --- [  restartedMain] o.hibernate.jpa.internal.util.LogHelper  : HHH000204: Processing PersistenceUnitInfo [name: default]
2021-08-18 19:47:28.071  INFO 17424 --- [  restartedMain] org.hibernate.Version                    : HHH000412: Hibernate ORM core version 5.4.32.Final
2021-08-18 19:47:28.205  INFO 17424 --- [  restartedMain] o.hibernate.annotations.common.Version   : HCANN000001: Hibernate Commons Annotations {5.1.2.Final}
2021-08-18 19:47:28.269  INFO 17424 --- [  restartedMain] com.zaxxer.hikari.HikariDataSource       : HikariPool-1 - Starting...
2021-08-18 19:47:28.379  INFO 17424 --- [  restartedMain] com.zaxxer.hikari.HikariDataSource       : HikariPool-1 - Start completed.
2021-08-18 19:47:28.392  INFO 17424 --- [  restartedMain] org.hibernate.dialect.Dialect            : HHH000400: Using dialect: org.hibernate.dialect.MySQL8Dialect
2021-08-18 19:47:28.549  INFO 17424 --- [  restartedMain] o.h.e.t.j.p.i.JtaPlatformInitiator       : HHH000490: Using JtaPlatform implementation: [org.hibernate.engine.transaction.jta.platform.internal.NoJtaPlatform]
2021-08-18 19:47:28.557  INFO 17424 --- [  restartedMain] j.LocalContainerEntityManagerFactoryBean : Initialized JPA EntityManagerFactory for persistence unit 'default'
2021-08-18 19:47:28.599  WARN 17424 --- [  restartedMain] JpaBaseConfiguration$JpaWebConfiguration : spring.jpa.open-in-view is enabled by default. Therefore, database queries may be performed during view rendering. Explicitly configure spring.jpa.open-in-view to disable this warning
2021-08-18 19:47:28.797  WARN 17424 --- [  restartedMain] ion$DefaultTemplateResolverConfiguration : Cannot find template location: classpath:/templates/ (please add some templates or check your Thymeleaf configuration)
2021-08-18 19:47:28.884  INFO 17424 --- [  restartedMain] o.s.b.d.a.OptionalLiveReloadServer       : LiveReload server is running on port 35729
2021-08-18 19:47:28.901  INFO 17424 --- [  restartedMain] o.a.coyote.http11.Http11NioProtocol      : Starting ProtocolHandler ["http-nio-8080"]
2021-08-18 19:47:28.914  INFO 17424 --- [  restartedMain] o.s.b.w.embedded.tomcat.TomcatWebServer  : Tomcat started on port(s): 8080 (http) with context path ''
2021-08-18 19:47:28.924  INFO 17424 --- [  restartedMain] com.tzeao.blog.BlogApplication           : Started BlogApplication in 2.564 seconds (JVM running for 3.525)
2021-08-18 19:47:29.156  INFO 17424 --- [http-nio-8080-exec-1] o.a.c.c.C.[Tomcat].[localhost].[/]       : Initializing Spring DispatcherServlet 'dispatcherServlet'
2021-08-18 19:47:29.157  INFO 17424 --- [http-nio-8080-exec-1] o.s.web.servlet.DispatcherServlet        : Initializing Servlet 'dispatcherServlet'
2021-08-18 19:47:29.158  INFO 17424 --- [http-nio-8080-exec-1] o.s.web.servlet.DispatcherServlet        : Completed initialization in 0 ms
